<?xml version="1.0" encoding="UTF-8"?>
<robot generator="Robot 3.1.2 (Python 3.8.2 on win32)" generated="20200322 11:06:29.990" rpa="false">
<suite id="s1" name="SampleRobotProject" source="C:\praveenWS\SampleRobotProject">
<suite id="s1-s1" name="RobotSuiteFolder" source="C:\praveenWS\SampleRobotProject\RobotSuiteFolder">
<suite id="s1-s1-s1" name="RobotTestSuite" source="C:\praveenWS\SampleRobotProject\RobotSuiteFolder\RobotTestSuite.robot">
<test id="s1-s1-s1-t1" name="MyFirstTestCase">
<kw name="Log" library="BuiltIn">
<doc>Logs the given message with the given level.</doc>
<arguments>
<arg>Helloworld</arg>
</arguments>
<msg timestamp="20200322 11:06:30.356" level="INFO">Helloworld</msg>
<status status="PASS" starttime="20200322 11:06:30.355" endtime="20200322 11:06:30.356"></status>
</kw>
<status status="PASS" starttime="20200322 11:06:30.354" endtime="20200322 11:06:30.357" critical="yes"></status>
</test>
<test id="s1-s1-s1-t2" name="MySeleniumTestCase">
<kw name="Log" library="BuiltIn">
<doc>Logs the given message with the given level.</doc>
<arguments>
<arg>Open Browser</arg>
</arguments>
<msg timestamp="20200322 11:06:30.358" level="INFO">Open Browser</msg>
<status status="PASS" starttime="20200322 11:06:30.358" endtime="20200322 11:06:30.358"></status>
</kw>
<kw name="Open Browser" library="SeleniumLibrary">
<doc>Opens a new browser instance to the optional ``url``.</doc>
<arguments>
<arg>https://google.com</arg>
<arg>chrome</arg>
</arguments>
<msg timestamp="20200322 11:06:30.359" level="INFO">Opening browser 'chrome' to base url 'https://google.com'.</msg>
<status status="PASS" starttime="20200322 11:06:30.358" endtime="20200322 11:06:36.828"></status>
</kw>
<kw name="Sleep" library="BuiltIn">
<doc>Pauses the test executed for the given time.</doc>
<arguments>
<arg>3</arg>
</arguments>
<msg timestamp="20200322 11:06:39.831" level="INFO">Slept 3 seconds</msg>
<status status="PASS" starttime="20200322 11:06:36.829" endtime="20200322 11:06:39.831"></status>
</kw>
<kw name="Input Text" library="SeleniumLibrary">
<doc>Types the given ``text`` into the text field identified by ``locator``.</doc>
<arguments>
<arg>q</arg>
<arg>News UK</arg>
</arguments>
<msg timestamp="20200322 11:06:39.832" level="INFO">Typing text 'News UK' into text field 'q'.</msg>
<status status="PASS" starttime="20200322 11:06:39.832" endtime="20200322 11:06:40.096"></status>
</kw>
<kw name="Sleep" library="BuiltIn">
<doc>Pauses the test executed for the given time.</doc>
<arguments>
<arg>5</arg>
</arguments>
<msg timestamp="20200322 11:06:45.098" level="INFO">Slept 5 seconds</msg>
<status status="PASS" starttime="20200322 11:06:40.097" endtime="20200322 11:06:45.098"></status>
</kw>
<kw name="Press Keys" library="SeleniumLibrary">
<doc>Simulates the user pressing key(s) to an element or on the active browser.</doc>
<arguments>
<arg>q</arg>
<arg>ENTER</arg>
</arguments>
<msg timestamp="20200322 11:06:45.099" level="INFO">Sending key(s) ('ENTER',) to q element.</msg>
<msg timestamp="20200322 11:06:45.381" level="INFO">Pressing special key ENTER to element.</msg>
<msg timestamp="20200322 11:06:45.381" level="INFO">Releasing special key ENTER.</msg>
<status status="PASS" starttime="20200322 11:06:45.098" endtime="20200322 11:06:46.758"></status>
</kw>
<kw name="Sleep" library="BuiltIn">
<doc>Pauses the test executed for the given time.</doc>
<arguments>
<arg>5</arg>
</arguments>
<msg timestamp="20200322 11:06:51.761" level="INFO">Slept 5 seconds</msg>
<status status="PASS" starttime="20200322 11:06:46.758" endtime="20200322 11:06:51.761"></status>
</kw>
<kw name="Close Browser" library="SeleniumLibrary">
<doc>Closes the current browser.</doc>
<status status="PASS" starttime="20200322 11:06:51.761" endtime="20200322 11:06:54.200"></status>
</kw>
<status status="PASS" starttime="20200322 11:06:30.357" endtime="20200322 11:06:54.200" critical="yes"></status>
</test>
<status status="PASS" starttime="20200322 11:06:30.107" endtime="20200322 11:06:54.202"></status>
</suite>
<status status="PASS" starttime="20200322 11:06:30.102" endtime="20200322 11:06:54.205"></status>
</suite>
<status status="PASS" starttime="20200322 11:06:30.044" endtime="20200322 11:06:54.207"></status>
</suite>
<statistics>
<total>
<stat pass="2" fail="0">Critical Tests</stat>
<stat pass="2" fail="0">All Tests</stat>
</total>
<tag>
</tag>
<suite>
<stat pass="2" fail="0" id="s1" name="SampleRobotProject">SampleRobotProject</stat>
<stat pass="2" fail="0" id="s1-s1" name="RobotSuiteFolder">SampleRobotProject.RobotSuiteFolder</stat>
<stat pass="2" fail="0" id="s1-s1-s1" name="RobotTestSuite">SampleRobotProject.RobotSuiteFolder.RobotTestSuite</stat>
</suite>
</statistics>
<errors>
</errors>
</robot>
